<html>
<head>
<title>TestNG:  Default test</title>
<link href="../testng.css" rel="stylesheet" type="text/css" />
<link href="../my-testng.css" rel="stylesheet" type="text/css" />

<style type="text/css">
.log { display: none;} 
.stack-trace { display: none;} 
</style>
<script type="text/javascript">
<!--
function flip(e) {
  current = e.style.display;
  if (current == 'block') {
    e.style.display = 'none';
    return 0;
  }
  else {
    e.style.display = 'block';
    return 1;
  }
}

function toggleBox(szDivId, elem, msg1, msg2)
{
  var res = -1;  if (document.getElementById) {
    res = flip(document.getElementById(szDivId));
  }
  else if (document.all) {
    // this is the way old msie versions work
    res = flip(document.all[szDivId]);
  }
  if(elem) {
    if(res == 0) elem.innerHTML = msg1; else elem.innerHTML = msg2;
  }

}

function toggleAllBoxes() {
  if (document.getElementsByTagName) {
    d = document.getElementsByTagName('div');
    for (i = 0; i < d.length; i++) {
      if (d[i].className == 'log') {
        flip(d[i]);
      }
    }
  }
}

// -->
</script>

</head>
<body>
<h2 align='center'>Default test</h2><table border='1' align="center">
<tr>
<td>Tests passed/Failed/Skipped:</td><td>3/4/0</td>
</tr><tr>
<td>Started on:</td><td>Thu Apr 28 18:02:29 IST 2022</td>
</tr>
<tr><td>Total time:</td><td>211 seconds (211676 ms)</td>
</tr><tr>
<td>Included groups:</td><td></td>
</tr><tr>
<td>Excluded groups:</td><td></td>
</tr>
</table><p/>
<small><i>(Hover the method name to see the test class name)</i></small><p/>
<table width='100%' border='1' class='invocation-failed'>
<tr><td colspan='4' align='center'><b>FAILED TESTS</b></td></tr>
<tr><td><b>Test method</b></td>
<td width="30%"><b>Exception</b></td>
<td width="10%"><b>Time (seconds)</b></td>
<td><b>Instance</b></td>
</tr>
<tr>
<td title='TestRunners.TestRunner.runScenario()'><b>runScenario</b><br>Test class: TestRunners.TestRunner<br>Test method: Runs Cucumber Scenarios<br>Parameters: "Verify Itemname on Land Page and Product name are same", "Optional[Land Page features]"</td>
<td><div><pre>java.lang.AssertionError: expected [Beetroot] but found [No data]
	at org.testng.Assert.fail(Assert.java:110)
	at org.testng.Assert.failNotEquals(Assert.java:1413)
	at org.testng.Assert.assertEqualsImpl(Assert.java:149)
	at org.testng.Assert.assertEquals(Assert.java:131)
	at org.testng.Assert.assertEquals(Assert.java:655)
	at org.testng.Assert.assertEquals(Assert.java:665)
	at stepdefinitions.OffersPageStepDefinition.validate_the_sameitem__in_offers_page(OffersPageStepDefinition.java:37)
	at ?.validate the Bee in offers Page is same as itemName from landpage(file:///F:/Radical/Ecommerce/src/test/java/features/LandPageScenarios.feature:24)
</pre></div><a href='#' onClick='toggleBox("stack-trace1933146171", this, "Click to show all stack frames", "Click to hide stack frames")'>Click to show all stack frames</a>
<div class='stack-trace' id='stack-trace1933146171'><pre>java.lang.AssertionError: expected [Beetroot] but found [No data]
	at org.testng.Assert.fail(Assert.java:110)
	at org.testng.Assert.failNotEquals(Assert.java:1413)
	at org.testng.Assert.assertEqualsImpl(Assert.java:149)
	at org.testng.Assert.assertEquals(Assert.java:131)
	at org.testng.Assert.assertEquals(Assert.java:655)
	at org.testng.Assert.assertEquals(Assert.java:665)
	at stepdefinitions.OffersPageStepDefinition.validate_the_sameitem__in_offers_page(OffersPageStepDefinition.java:37)
	at ?.validate the Bee in offers Page is same as itemName from landpage(file:///F:/Radical/Ecommerce/src/test/java/features/LandPageScenarios.feature:24)
</pre></div></td>
<td>196</td>
<td>TestRunners.TestRunner@5fe94a96</td></tr>
<tr>
<td title='TestRunners.TestRunner.runScenario()'><b>runScenario</b><br>Test class: TestRunners.TestRunner<br>Test method: Runs Cucumber Scenarios<br>Parameters: "Verify Itemname on Land Page and Product name are same", "Optional[Land Page features]"</td>
<td><div><pre>java.lang.AssertionError: expected [Cauliflower] but found [No data]
	at org.testng.Assert.fail(Assert.java:110)
	at org.testng.Assert.failNotEquals(Assert.java:1413)
	at org.testng.Assert.assertEqualsImpl(Assert.java:149)
	at org.testng.Assert.assertEquals(Assert.java:131)
	at org.testng.Assert.assertEquals(Assert.java:655)
	at org.testng.Assert.assertEquals(Assert.java:665)
	at stepdefinitions.OffersPageStepDefinition.validate_the_sameitem__in_offers_page(OffersPageStepDefinition.java:37)
	at ?.validate the Cau in offers Page is same as itemName from landpage(file:///F:/Radical/Ecommerce/src/test/java/features/LandPageScenarios.feature:24)
</pre></div><a href='#' onClick='toggleBox("stack-trace458266180", this, "Click to show all stack frames", "Click to hide stack frames")'>Click to show all stack frames</a>
<div class='stack-trace' id='stack-trace458266180'><pre>java.lang.AssertionError: expected [Cauliflower] but found [No data]
	at org.testng.Assert.fail(Assert.java:110)
	at org.testng.Assert.failNotEquals(Assert.java:1413)
	at org.testng.Assert.assertEqualsImpl(Assert.java:149)
	at org.testng.Assert.assertEquals(Assert.java:131)
	at org.testng.Assert.assertEquals(Assert.java:655)
	at org.testng.Assert.assertEquals(Assert.java:665)
	at stepdefinitions.OffersPageStepDefinition.validate_the_sameitem__in_offers_page(OffersPageStepDefinition.java:37)
	at ?.validate the Cau in offers Page is same as itemName from landpage(file:///F:/Radical/Ecommerce/src/test/java/features/LandPageScenarios.feature:24)
</pre></div></td>
<td>197</td>
<td>TestRunners.TestRunner@5fe94a96</td></tr>
<tr>
<td title='TestRunners.TestRunner.runScenario()'><b>runScenario</b><br>Test class: TestRunners.TestRunner<br>Test method: Runs Cucumber Scenarios<br>Parameters: "Verify Itemname on Land Page and Product name are same", "Optional[Land Page features]"</td>
<td><div><pre>java.lang.AssertionError: expected [Cucumber] but found [No data]
	at org.testng.Assert.fail(Assert.java:110)
	at org.testng.Assert.failNotEquals(Assert.java:1413)
	at org.testng.Assert.assertEqualsImpl(Assert.java:149)
	at org.testng.Assert.assertEquals(Assert.java:131)
	at org.testng.Assert.assertEquals(Assert.java:655)
	at org.testng.Assert.assertEquals(Assert.java:665)
	at stepdefinitions.OffersPageStepDefinition.validate_the_sameitem__in_offers_page(OffersPageStepDefinition.java:37)
	at ?.validate the Cuc in offers Page is same as itemName from landpage(file:///F:/Radical/Ecommerce/src/test/java/features/LandPageScenarios.feature:24)
</pre></div><a href='#' onClick='toggleBox("stack-trace39079532", this, "Click to show all stack frames", "Click to hide stack frames")'>Click to show all stack frames</a>
<div class='stack-trace' id='stack-trace39079532'><pre>java.lang.AssertionError: expected [Cucumber] but found [No data]
	at org.testng.Assert.fail(Assert.java:110)
	at org.testng.Assert.failNotEquals(Assert.java:1413)
	at org.testng.Assert.assertEqualsImpl(Assert.java:149)
	at org.testng.Assert.assertEquals(Assert.java:131)
	at org.testng.Assert.assertEquals(Assert.java:655)
	at org.testng.Assert.assertEquals(Assert.java:665)
	at stepdefinitions.OffersPageStepDefinition.validate_the_sameitem__in_offers_page(OffersPageStepDefinition.java:37)
	at ?.validate the Cuc in offers Page is same as itemName from landpage(file:///F:/Radical/Ecommerce/src/test/java/features/LandPageScenarios.feature:24)
</pre></div></td>
<td>191</td>
<td>TestRunners.TestRunner@5fe94a96</td></tr>
<tr>
<td title='TestRunners.TestRunner.runScenario()'><b>runScenario</b><br>Test class: TestRunners.TestRunner<br>Test method: Runs Cucumber Scenarios<br>Parameters: "Verify Itemname on Land Page and Product name are same", "Optional[Land Page features]"</td>
<td><div><pre>java.lang.AssertionError: expected [Brocolli] but found [No data]
	at org.testng.Assert.fail(Assert.java:110)
	at org.testng.Assert.failNotEquals(Assert.java:1413)
	at org.testng.Assert.assertEqualsImpl(Assert.java:149)
	at org.testng.Assert.assertEquals(Assert.java:131)
	at org.testng.Assert.assertEquals(Assert.java:655)
	at org.testng.Assert.assertEquals(Assert.java:665)
	at stepdefinitions.OffersPageStepDefinition.validate_the_sameitem__in_offers_page(OffersPageStepDefinition.java:37)
	at ?.validate the Bro in offers Page is same as itemName from landpage(file:///F:/Radical/Ecommerce/src/test/java/features/LandPageScenarios.feature:24)
</pre></div><a href='#' onClick='toggleBox("stack-trace1849720700", this, "Click to show all stack frames", "Click to hide stack frames")'>Click to show all stack frames</a>
<div class='stack-trace' id='stack-trace1849720700'><pre>java.lang.AssertionError: expected [Brocolli] but found [No data]
	at org.testng.Assert.fail(Assert.java:110)
	at org.testng.Assert.failNotEquals(Assert.java:1413)
	at org.testng.Assert.assertEqualsImpl(Assert.java:149)
	at org.testng.Assert.assertEquals(Assert.java:131)
	at org.testng.Assert.assertEquals(Assert.java:655)
	at org.testng.Assert.assertEquals(Assert.java:665)
	at stepdefinitions.OffersPageStepDefinition.validate_the_sameitem__in_offers_page(OffersPageStepDefinition.java:37)
	at ?.validate the Bro in offers Page is same as itemName from landpage(file:///F:/Radical/Ecommerce/src/test/java/features/LandPageScenarios.feature:24)
</pre></div></td>
<td>200</td>
<td>TestRunners.TestRunner@5fe94a96</td></tr>
</table><p>
<table width='100%' border='1' class='invocation-passed'>
<tr><td colspan='4' align='center'><b>PASSED TESTS</b></td></tr>
<tr><td><b>Test method</b></td>
<td width="30%"><b>Exception</b></td>
<td width="10%"><b>Time (seconds)</b></td>
<td><b>Instance</b></td>
</tr>
<tr>
<td title='TestRunners.TestRunner.runScenario()'><b>runScenario</b><br>Test class: TestRunners.TestRunner<br>Test method: Runs Cucumber Scenarios<br>Parameters: "Take the List of all Items on Land Page", "Optional[Land Page features]"</td>
<td></td>
<td>198</td>
<td>TestRunners.TestRunner@5fe94a96</td></tr>
<tr>
<td title='TestRunners.TestRunner.runScenario()'><b>runScenario</b><br>Test class: TestRunners.TestRunner<br>Test method: Runs Cucumber Scenarios<br>Parameters: "Verify Item Name on Check Out Page and Promo Code Apply Option and Place Order", "Optional[Verify Features on Checkout Page]"</td>
<td></td>
<td>194</td>
<td>TestRunners.TestRunner@5fe94a96</td></tr>
<tr>
<td title='TestRunners.TestRunner.runScenario()'><b>runScenario</b><br>Test class: TestRunners.TestRunner<br>Test method: Runs Cucumber Scenarios<br>Parameters: "Take the List of all Items on Land Page", "Optional[Land Page features]"</td>
<td></td>
<td>197</td>
<td>TestRunners.TestRunner@5fe94a96</td></tr>
</table><p>
</body>
</html>