<?xml version="1.0" encoding="UTF-8"?>
<testng-results ignored="0" total="7" passed="3" failed="4" skipped="0">
  <reporter-output>
  </reporter-output>
  <suite started-at="2022-04-28T18:02:29 IST" name="Default suite" finished-at="2022-04-28T18:06:00 IST" duration-ms="211676">
    <groups>
      <group name="cucumber">
        <method signature="AbstractTestNGCucumberTests.runScenario(io.cucumber.testng.PickleWrapper,io.cucumber.testng.FeatureWrapper)[pri:0, instance:TestRunners.TestRunner@5fe94a96]" name="runScenario" class="io.cucumber.testng.AbstractTestNGCucumberTests"/>
      </group> <!-- cucumber -->
    </groups>
    <test started-at="2022-04-28T18:02:29 IST" name="Default test" finished-at="2022-04-28T18:06:00 IST" duration-ms="211676">
      <class name="TestRunners.TestRunner">
        <test-method is-config="true" signature="setUpClass(org.testng.ITestContext)[pri:0, instance:TestRunners.TestRunner@5fe94a96]" started-at="2022-04-28T18:02:29 IST" name="setUpClass" finished-at="2022-04-28T18:02:31 IST" duration-ms="2652" status="PASS">
          <params>
            <param index="0">
              <value>
                <![CDATA[org.testng.TestRunner@62a4417]]>
              </value>
            </param>
          </params>
          <reporter-output>
          </reporter-output>
        </test-method> <!-- setUpClass -->
        <test-method signature="runScenario(io.cucumber.testng.PickleWrapper,io.cucumber.testng.FeatureWrapper)[pri:0, instance:TestRunners.TestRunner@5fe94a96]" started-at="2022-04-28T18:02:31 IST" name="runScenario" description="Runs Cucumber Scenarios" data-provider="scenarios" finished-at="2022-04-28T18:05:50 IST" duration-ms="198577" status="PASS">
          <params>
            <param index="0">
              <value>
                <![CDATA["Take the List of all Items on Land Page"]]>
              </value>
            </param>
            <param index="1">
              <value>
                <![CDATA["Optional[Land Page features]"]]>
              </value>
            </param>
          </params>
          <reporter-output>
          </reporter-output>
        </test-method> <!-- runScenario -->
        <test-method signature="runScenario(io.cucumber.testng.PickleWrapper,io.cucumber.testng.FeatureWrapper)[pri:0, instance:TestRunners.TestRunner@5fe94a96]" started-at="2022-04-28T18:02:31 IST" name="runScenario" description="Runs Cucumber Scenarios" data-provider="scenarios" finished-at="2022-04-28T18:05:48 IST" duration-ms="196993" status="FAIL">
          <params>
            <param index="0">
              <value>
                <![CDATA["Verify Itemname on Land Page and Product name are same"]]>
              </value>
            </param>
            <param index="1">
              <value>
                <![CDATA["Optional[Land Page features]"]]>
              </value>
            </param>
          </params>
          <exception class="java.lang.AssertionError">
            <message>
              <![CDATA[expected [Beetroot] but found [No data]]]>
            </message>
            <full-stacktrace>
              <![CDATA[java.lang.AssertionError: expected [Beetroot] but found [No data]
at org.testng.Assert.fail(Assert.java:110)
at org.testng.Assert.failNotEquals(Assert.java:1413)
at org.testng.Assert.assertEqualsImpl(Assert.java:149)
at org.testng.Assert.assertEquals(Assert.java:131)
at org.testng.Assert.assertEquals(Assert.java:655)
at org.testng.Assert.assertEquals(Assert.java:665)
at stepdefinitions.OffersPageStepDefinition.validate_the_sameitem__in_offers_page(OffersPageStepDefinition.java:37)
at ✽.validate the Bee in offers Page is same as itemName from landpage(file:///F:/Radical/Ecommerce/src/test/java/features/LandPageScenarios.feature:24)
]]>
            </full-stacktrace>
          </exception> <!-- java.lang.AssertionError -->
          <reporter-output>
          </reporter-output>
        </test-method> <!-- runScenario -->
        <test-method signature="runScenario(io.cucumber.testng.PickleWrapper,io.cucumber.testng.FeatureWrapper)[pri:0, instance:TestRunners.TestRunner@5fe94a96]" started-at="2022-04-28T18:02:31 IST" name="runScenario" description="Runs Cucumber Scenarios" data-provider="scenarios" finished-at="2022-04-28T18:05:49 IST" duration-ms="197772" status="FAIL">
          <params>
            <param index="0">
              <value>
                <![CDATA["Verify Itemname on Land Page and Product name are same"]]>
              </value>
            </param>
            <param index="1">
              <value>
                <![CDATA["Optional[Land Page features]"]]>
              </value>
            </param>
          </params>
          <exception class="java.lang.AssertionError">
            <message>
              <![CDATA[expected [Cauliflower] but found [No data]]]>
            </message>
            <full-stacktrace>
              <![CDATA[java.lang.AssertionError: expected [Cauliflower] but found [No data]
at org.testng.Assert.fail(Assert.java:110)
at org.testng.Assert.failNotEquals(Assert.java:1413)
at org.testng.Assert.assertEqualsImpl(Assert.java:149)
at org.testng.Assert.assertEquals(Assert.java:131)
at org.testng.Assert.assertEquals(Assert.java:655)
at org.testng.Assert.assertEquals(Assert.java:665)
at stepdefinitions.OffersPageStepDefinition.validate_the_sameitem__in_offers_page(OffersPageStepDefinition.java:37)
at ✽.validate the Cau in offers Page is same as itemName from landpage(file:///F:/Radical/Ecommerce/src/test/java/features/LandPageScenarios.feature:24)
]]>
            </full-stacktrace>
          </exception> <!-- java.lang.AssertionError -->
          <reporter-output>
          </reporter-output>
        </test-method> <!-- runScenario -->
        <test-method signature="runScenario(io.cucumber.testng.PickleWrapper,io.cucumber.testng.FeatureWrapper)[pri:0, instance:TestRunners.TestRunner@5fe94a96]" started-at="2022-04-28T18:02:31 IST" name="runScenario" description="Runs Cucumber Scenarios" data-provider="scenarios" finished-at="2022-04-28T18:05:46 IST" duration-ms="194880" status="PASS">
          <params>
            <param index="0">
              <value>
                <![CDATA["Verify Item Name on Check Out Page and Promo Code Apply Option and Place Order"]]>
              </value>
            </param>
            <param index="1">
              <value>
                <![CDATA["Optional[Verify Features on Checkout Page]"]]>
              </value>
            </param>
          </params>
          <reporter-output>
          </reporter-output>
        </test-method> <!-- runScenario -->
        <test-method signature="runScenario(io.cucumber.testng.PickleWrapper,io.cucumber.testng.FeatureWrapper)[pri:0, instance:TestRunners.TestRunner@5fe94a96]" started-at="2022-04-28T18:02:31 IST" name="runScenario" description="Runs Cucumber Scenarios" data-provider="scenarios" finished-at="2022-04-28T18:05:43 IST" duration-ms="191617" status="FAIL">
          <params>
            <param index="0">
              <value>
                <![CDATA["Verify Itemname on Land Page and Product name are same"]]>
              </value>
            </param>
            <param index="1">
              <value>
                <![CDATA["Optional[Land Page features]"]]>
              </value>
            </param>
          </params>
          <exception class="java.lang.AssertionError">
            <message>
              <![CDATA[expected [Cucumber] but found [No data]]]>
            </message>
            <full-stacktrace>
              <![CDATA[java.lang.AssertionError: expected [Cucumber] but found [No data]
at org.testng.Assert.fail(Assert.java:110)
at org.testng.Assert.failNotEquals(Assert.java:1413)
at org.testng.Assert.assertEqualsImpl(Assert.java:149)
at org.testng.Assert.assertEquals(Assert.java:131)
at org.testng.Assert.assertEquals(Assert.java:655)
at org.testng.Assert.assertEquals(Assert.java:665)
at stepdefinitions.OffersPageStepDefinition.validate_the_sameitem__in_offers_page(OffersPageStepDefinition.java:37)
at ✽.validate the Cuc in offers Page is same as itemName from landpage(file:///F:/Radical/Ecommerce/src/test/java/features/LandPageScenarios.feature:24)
]]>
            </full-stacktrace>
          </exception> <!-- java.lang.AssertionError -->
          <reporter-output>
          </reporter-output>
        </test-method> <!-- runScenario -->
        <test-method signature="runScenario(io.cucumber.testng.PickleWrapper,io.cucumber.testng.FeatureWrapper)[pri:0, instance:TestRunners.TestRunner@5fe94a96]" started-at="2022-04-28T18:02:31 IST" name="runScenario" description="Runs Cucumber Scenarios" data-provider="scenarios" finished-at="2022-04-28T18:05:49 IST" duration-ms="197387" status="PASS">
          <params>
            <param index="0">
              <value>
                <![CDATA["Take the List of all Items on Land Page"]]>
              </value>
            </param>
            <param index="1">
              <value>
                <![CDATA["Optional[Land Page features]"]]>
              </value>
            </param>
          </params>
          <reporter-output>
          </reporter-output>
        </test-method> <!-- runScenario -->
        <test-method signature="runScenario(io.cucumber.testng.PickleWrapper,io.cucumber.testng.FeatureWrapper)[pri:0, instance:TestRunners.TestRunner@5fe94a96]" started-at="2022-04-28T18:02:31 IST" name="runScenario" description="Runs Cucumber Scenarios" data-provider="scenarios" finished-at="2022-04-28T18:05:52 IST" duration-ms="200323" status="FAIL">
          <params>
            <param index="0">
              <value>
                <![CDATA["Verify Itemname on Land Page and Product name are same"]]>
              </value>
            </param>
            <param index="1">
              <value>
                <![CDATA["Optional[Land Page features]"]]>
              </value>
            </param>
          </params>
          <exception class="java.lang.AssertionError">
            <message>
              <![CDATA[expected [Brocolli] but found [No data]]]>
            </message>
            <full-stacktrace>
              <![CDATA[java.lang.AssertionError: expected [Brocolli] but found [No data]
at org.testng.Assert.fail(Assert.java:110)
at org.testng.Assert.failNotEquals(Assert.java:1413)
at org.testng.Assert.assertEqualsImpl(Assert.java:149)
at org.testng.Assert.assertEquals(Assert.java:131)
at org.testng.Assert.assertEquals(Assert.java:655)
at org.testng.Assert.assertEquals(Assert.java:665)
at stepdefinitions.OffersPageStepDefinition.validate_the_sameitem__in_offers_page(OffersPageStepDefinition.java:37)
at ✽.validate the Bro in offers Page is same as itemName from landpage(file:///F:/Radical/Ecommerce/src/test/java/features/LandPageScenarios.feature:24)
]]>
            </full-stacktrace>
          </exception> <!-- java.lang.AssertionError -->
          <reporter-output>
          </reporter-output>
        </test-method> <!-- runScenario -->
        <test-method is-config="true" signature="tearDownClass()[pri:0, instance:TestRunners.TestRunner@5fe94a96]" started-at="2022-04-28T18:05:52 IST" name="tearDownClass" finished-at="2022-04-28T18:06:00 IST" duration-ms="8546" status="PASS">
          <reporter-output>
          </reporter-output>
        </test-method> <!-- tearDownClass -->
      </class> <!-- TestRunners.TestRunner -->
    </test> <!-- Default test -->
  </suite> <!-- Default suite -->
</testng-results>
