<?xml version="1.0" encoding="UTF-8"?>
<!-- Generated by org.testng.reporters.JUnitReportReporter -->
<testsuite hostname="Ravi-PC" failures="4" tests="4" name="TestRunners.FaliedTestRunner" time="49.852" errors="0" timestamp="2022-04-28T13:43:17 IST" skipped="0">
  <testcase classname="TestRunners.FaliedTestRunner" name="runScenario" time="12.065">
    <failure message="expected [Cauliflower] but found [No data]" type="java.lang.AssertionError">
      <![CDATA[java.lang.AssertionError: expected [Cauliflower] but found [No data]
at org.testng.Assert.fail(Assert.java:110)
at org.testng.Assert.failNotEquals(Assert.java:1413)
at org.testng.Assert.assertEqualsImpl(Assert.java:149)
at org.testng.Assert.assertEquals(Assert.java:131)
at org.testng.Assert.assertEquals(Assert.java:655)
at org.testng.Assert.assertEquals(Assert.java:665)
at stepdefinitions.OffersPageStepDefinition.validate_the_sameitem__in_offers_page(OffersPageStepDefinition.java:37)
at ✽.validate the Cau in offers Page is same as itemName from landpage(file:///F:/Radical/Ecommerce/src/test/java/features/LandPageScenarios.feature:24)
]]>
    </failure>
  </testcase> <!-- runScenario -->
  <system-out/>
  <testcase classname="TestRunners.FaliedTestRunner" name="runScenario" time="14.758">
    <failure message="expected [Brocolli] but found [No data]" type="java.lang.AssertionError">
      <![CDATA[java.lang.AssertionError: expected [Brocolli] but found [No data]
at org.testng.Assert.fail(Assert.java:110)
at org.testng.Assert.failNotEquals(Assert.java:1413)
at org.testng.Assert.assertEqualsImpl(Assert.java:149)
at org.testng.Assert.assertEquals(Assert.java:131)
at org.testng.Assert.assertEquals(Assert.java:655)
at org.testng.Assert.assertEquals(Assert.java:665)
at stepdefinitions.OffersPageStepDefinition.validate_the_sameitem__in_offers_page(OffersPageStepDefinition.java:37)
at ✽.validate the Bro in offers Page is same as itemName from landpage(file:///F:/Radical/Ecommerce/src/test/java/features/LandPageScenarios.feature:24)
]]>
    </failure>
  </testcase> <!-- runScenario -->
  <system-out/>
  <testcase classname="TestRunners.FaliedTestRunner" name="runScenario" time="11.111">
    <failure message="expected [Cucumber] but found [No data]" type="java.lang.AssertionError">
      <![CDATA[java.lang.AssertionError: expected [Cucumber] but found [No data]
at org.testng.Assert.fail(Assert.java:110)
at org.testng.Assert.failNotEquals(Assert.java:1413)
at org.testng.Assert.assertEqualsImpl(Assert.java:149)
at org.testng.Assert.assertEquals(Assert.java:131)
at org.testng.Assert.assertEquals(Assert.java:655)
at org.testng.Assert.assertEquals(Assert.java:665)
at stepdefinitions.OffersPageStepDefinition.validate_the_sameitem__in_offers_page(OffersPageStepDefinition.java:37)
at ✽.validate the Cuc in offers Page is same as itemName from landpage(file:///F:/Radical/Ecommerce/src/test/java/features/LandPageScenarios.feature:24)
]]>
    </failure>
  </testcase> <!-- runScenario -->
  <system-out/>
  <testcase classname="TestRunners.FaliedTestRunner" name="runScenario" time="11.918">
    <failure message="expected [Beetroot] but found [No data]" type="java.lang.AssertionError">
      <![CDATA[java.lang.AssertionError: expected [Beetroot] but found [No data]
at org.testng.Assert.fail(Assert.java:110)
at org.testng.Assert.failNotEquals(Assert.java:1413)
at org.testng.Assert.assertEqualsImpl(Assert.java:149)
at org.testng.Assert.assertEquals(Assert.java:131)
at org.testng.Assert.assertEquals(Assert.java:655)
at org.testng.Assert.assertEquals(Assert.java:665)
at stepdefinitions.OffersPageStepDefinition.validate_the_sameitem__in_offers_page(OffersPageStepDefinition.java:37)
at ✽.validate the Bee in offers Page is same as itemName from landpage(file:///F:/Radical/Ecommerce/src/test/java/features/LandPageScenarios.feature:24)
]]>
    </failure>
  </testcase> <!-- runScenario -->
  <system-out/>
</testsuite> <!-- TestRunners.FaliedTestRunner -->
